<?xml version="1.0" encoding="UTF-8"?>
<testng-results skipped="0" failed="0" ignored="0" total="1" passed="1">
  <reporter-output>
  </reporter-output>
  <suite name="Default suite" duration-ms="43" started-at="2018-10-26T06:44:44Z" finished-at="2018-10-26T06:44:44Z">
    <groups>
    </groups>
    <test name="Default test" duration-ms="43" started-at="2018-10-26T06:44:44Z" finished-at="2018-10-26T06:44:44Z">
      <class name="mavenjar.classa">
        <test-method status="PASS" signature="method1()[pri:0, instance:mavenjar.classa@be92ad]" name="method1" is-config="true" duration-ms="13" started-at="2018-10-26T06:44:44Z" finished-at="2018-10-26T06:44:44Z">
          <reporter-output>
          </reporter-output>
        </test-method> <!-- method1 -->
        <test-method status="PASS" signature="method2()[pri:0, instance:mavenjar.classa@be92ad]" name="method2" duration-ms="7" started-at="2018-10-26T06:44:44Z" finished-at="2018-10-26T06:44:44Z">
          <reporter-output>
          </reporter-output>
        </test-method> <!-- method2 -->
      </class> <!-- mavenjar.classa -->
    </test> <!-- Default test -->
  </suite> <!-- Default suite -->
</testng-results>
